2022-10-04 11:24:00.964  INFO LIM-FVJ98C3 --- [kground-preinit] o.h.v.i.u.Version                        : HV000001: Hibernate Validator 6.2.4.Final
2022-10-04 11:24:01.731  INFO LIM-FVJ98C3 --- [           main] c.c.c.ConfigServicePropertySourceLocator : Fetching config from server at : http://localhost:8888
2022-10-04 11:24:03.911  INFO LIM-FVJ98C3 --- [           main] c.c.c.ConfigServicePropertySourceLocator : Located environment: name=operation-services, profiles=[default], label=null, version=c6e10fc99ae74cfb26815c235b34ef6a2282bf9e, state=null
2022-10-04 11:24:03.912  INFO LIM-FVJ98C3 --- [           main] b.c.PropertySourceBootstrapConfiguration : Located property source: [BootstrapPropertySource {name='bootstrapProperties-configClient'}, BootstrapPropertySource {name='bootstrapProperties-https://github.com/FranciscoCY/Entregable_uno.git/file:C:\Users\jvalenri\AppData\Local\Temp\config-repo-7763448652850372946\Config-Data\operation-services.yml'}]
2022-10-04 11:24:03.917  INFO LIM-FVJ98C3 --- [           main] n.g.c.o.OperationsApplication            : No active profile set, falling back to 1 default profile: "default"
2022-10-04 11:24:04.718  INFO LIM-FVJ98C3 --- [           main] .s.d.r.c.RepositoryConfigurationDelegate : Bootstrapping Spring Data Reactive MongoDB repositories in DEFAULT mode.
2022-10-04 11:24:04.784  INFO LIM-FVJ98C3 --- [           main] .s.d.r.c.RepositoryConfigurationDelegate : Finished Spring Data repository scanning in 61 ms. Found 6 Reactive MongoDB repository interfaces.
2022-10-04 11:24:04.985  INFO LIM-FVJ98C3 --- [           main] o.s.c.c.s.GenericScope                   : BeanFactory id=85be9bb3-5d82-3d08-9a1f-3327cb971032
2022-10-04 11:24:05.035  INFO LIM-FVJ98C3 --- [           main] trationDelegate$BeanPostProcessorChecker : Bean 'org.springframework.cloud.client.loadbalancer.reactive.LoadBalancerBeanPostProcessorAutoConfiguration' of type [org.springframework.cloud.client.loadbalancer.reactive.LoadBalancerBeanPostProcessorAutoConfiguration] is not eligible for getting processed by all BeanPostProcessors (for example: not eligible for auto-proxying)
2022-10-04 11:24:05.036  INFO LIM-FVJ98C3 --- [           main] trationDelegate$BeanPostProcessorChecker : Bean 'org.springframework.cloud.client.loadbalancer.reactive.LoadBalancerBeanPostProcessorAutoConfiguration$ReactorDeferringLoadBalancerFilterConfig' of type [org.springframework.cloud.client.loadbalancer.reactive.LoadBalancerBeanPostProcessorAutoConfiguration$ReactorDeferringLoadBalancerFilterConfig] is not eligible for getting processed by all BeanPostProcessors (for example: not eligible for auto-proxying)
2022-10-04 11:24:05.037  INFO LIM-FVJ98C3 --- [           main] trationDelegate$BeanPostProcessorChecker : Bean 'reactorDeferringLoadBalancerExchangeFilterFunction' of type [org.springframework.cloud.client.loadbalancer.reactive.DeferringLoadBalancerExchangeFilterFunction] is not eligible for getting processed by all BeanPostProcessors (for example: not eligible for auto-proxying)
2022-10-04 11:24:05.606  INFO LIM-FVJ98C3 --- [           main] o.m.d.client                             : MongoClient with metadata {"driver": {"name": "mongo-java-driver|reactive-streams|spring-boot", "version": "4.6.1"}, "os": {"type": "Windows", "name": "Windows 10", "architecture": "amd64", "version": "10.0"}, "platform": "Java/Oracle Corporation/11.0.15.1+2-LTS-10"} created with settings MongoClientSettings{readPreference=primary, writeConcern=WriteConcern{w=null, wTimeout=null ms, journal=null}, retryWrites=true, retryReads=true, readConcern=ReadConcern{level=null}, credential=null, streamFactoryFactory=NettyStreamFactoryFactory{eventLoopGroup=io.netty.channel.nio.NioEventLoopGroup@2f1f9515, socketChannelClass=class io.netty.channel.socket.nio.NioSocketChannel, allocator=PooledByteBufAllocator(directByDefault: true), sslContext=null}, commandListeners=[io.micrometer.core.instrument.binder.mongodb.MongoMetricsCommandListener@5c8ab9de], codecRegistry=ProvidersCodecRegistry{codecProviders=[ValueCodecProvider{}, BsonValueCodecProvider{}, DBRefCodecProvider{}, DBObjectCodecProvider{}, DocumentCodecProvider{}, IterableCodecProvider{}, MapCodecProvider{}, GeoJsonCodecProvider{}, GridFSFileCodecProvider{}, Jsr310CodecProvider{}, JsonObjectCodecProvider{}, BsonCodecProvider{}, EnumCodecProvider{}, com.mongodb.Jep395RecordCodecProvider@57416e49]}, clusterSettings={hosts=[localhost:27017], srvServiceName=mongodb, mode=SINGLE, requiredClusterType=UNKNOWN, requiredReplicaSetName='null', serverSelector='null', clusterListeners='[]', serverSelectionTimeout='30000 ms', localThreshold='30000 ms'}, socketSettings=SocketSettings{connectTimeoutMS=10000, readTimeoutMS=0, receiveBufferSize=0, sendBufferSize=0}, heartbeatSocketSettings=SocketSettings{connectTimeoutMS=10000, readTimeoutMS=10000, receiveBufferSize=0, sendBufferSize=0}, connectionPoolSettings=ConnectionPoolSettings{maxSize=100, minSize=0, maxWaitTimeMS=120000, maxConnectionLifeTimeMS=0, maxConnectionIdleTimeMS=0, maintenanceInitialDelayMS=0, maintenanceFrequencyMS=60000, connectionPoolListeners=[io.micrometer.core.instrument.binder.mongodb.MongoMetricsConnectionPoolListener@2e7bb00e], maxConnecting=2}, serverSettings=ServerSettings{heartbeatFrequencyMS=10000, minHeartbeatFrequencyMS=500, serverListeners='[]', serverMonitorListeners='[]'}, sslSettings=SslSettings{enabled=false, invalidHostNameAllowed=false, context=null}, applicationName='null', compressorList=[], uuidRepresentation=JAVA_LEGACY, serverApi=null, autoEncryptionSettings=null, contextProvider=null}
2022-10-04 11:24:05.685  WARN LIM-FVJ98C3 --- [           main] o.s.d.c.CustomConversions                : Registering converter from class java.time.LocalDateTime to class org.joda.time.LocalDateTime as reading converter although it doesn't convert from a store-supported type; You might want to check your annotation setup at the converter implementation
2022-10-04 11:24:05.836  WARN LIM-FVJ98C3 --- [           main] o.s.d.c.CustomConversions                : Registering converter from class java.time.LocalDateTime to class org.joda.time.LocalDateTime as reading converter although it doesn't convert from a store-supported type; You might want to check your annotation setup at the converter implementation
2022-10-04 11:24:06.152  INFO LIM-FVJ98C3 --- [localhost:27017] o.m.d.connection                         : Opened connection [connectionId{localValue:1, serverValue:3}] to localhost:27017
2022-10-04 11:24:06.152  INFO LIM-FVJ98C3 --- [localhost:27017] o.m.d.connection                         : Opened connection [connectionId{localValue:2, serverValue:4}] to localhost:27017
2022-10-04 11:24:06.154  INFO LIM-FVJ98C3 --- [localhost:27017] o.m.d.cluster                            : Monitor thread successfully connected to server with description ServerDescription{address=localhost:27017, type=STANDALONE, state=CONNECTED, ok=true, minWireVersion=0, maxWireVersion=17, maxDocumentSize=16777216, logicalSessionTimeoutMinutes=30, roundTripTimeNanos=47484600}
2022-10-04 11:24:07.333  INFO LIM-FVJ98C3 --- [           main] o.s.b.a.e.w.EndpointLinksResolver        : Exposing 26 endpoint(s) beneath base path '/actuator'
2022-10-04 11:24:07.766  INFO LIM-FVJ98C3 --- [           main] DiscoveryClientOptionalArgsConfiguration : Eureka HTTP Client uses RestTemplate.
2022-10-04 11:24:07.827  WARN LIM-FVJ98C3 --- [           main] iguration$LoadBalancerCaffeineWarnLogger : Spring Cloud LoadBalancer is currently working with the default cache. While this cache implementation is useful for development and tests, it's recommended to use Caffeine cache in production.You can switch to using Caffeine cache, by adding it and org.springframework.cache.caffeine.CaffeineCacheManager to the classpath.
2022-10-04 11:24:07.849  INFO LIM-FVJ98C3 --- [           main] o.s.c.n.e.InstanceInfoFactory            : Setting initial instance status as: STARTING
2022-10-04 11:24:07.879  INFO LIM-FVJ98C3 --- [           main] c.n.d.DiscoveryClient                    : Initializing Eureka in region us-east-1
2022-10-04 11:24:07.896  INFO LIM-FVJ98C3 --- [           main] c.n.d.s.r.a.ConfigClusterResolver        : Resolving eureka endpoints via configuration
2022-10-04 11:24:07.912  INFO LIM-FVJ98C3 --- [           main] c.n.d.DiscoveryClient                    : Disable delta property : false
2022-10-04 11:24:07.912  INFO LIM-FVJ98C3 --- [           main] c.n.d.DiscoveryClient                    : Single vip registry refresh property : null
2022-10-04 11:24:07.914  INFO LIM-FVJ98C3 --- [           main] c.n.d.DiscoveryClient                    : Force full registry fetch : false
2022-10-04 11:24:07.914  INFO LIM-FVJ98C3 --- [           main] c.n.d.DiscoveryClient                    : Application is null : false
2022-10-04 11:24:07.914  INFO LIM-FVJ98C3 --- [           main] c.n.d.DiscoveryClient                    : Registered Applications size is zero : true
2022-10-04 11:24:07.914  INFO LIM-FVJ98C3 --- [           main] c.n.d.DiscoveryClient                    : Application version is -1: true
2022-10-04 11:24:07.914  INFO LIM-FVJ98C3 --- [           main] c.n.d.DiscoveryClient                    : Getting all instance registry info from the eureka server
2022-10-04 11:24:08.145  INFO LIM-FVJ98C3 --- [           main] c.n.d.DiscoveryClient                    : The response status is 200
2022-10-04 11:24:08.148  INFO LIM-FVJ98C3 --- [           main] c.n.d.DiscoveryClient                    : Starting heartbeat executor: renew interval is: 30
2022-10-04 11:24:08.151  INFO LIM-FVJ98C3 --- [           main] c.n.d.InstanceInfoReplicator             : InstanceInfoReplicator onDemand update allowed rate per min is 4
2022-10-04 11:24:08.155  INFO LIM-FVJ98C3 --- [           main] c.n.d.DiscoveryClient                    : Discovery Client initialized at timestamp 1664900648155 with initial instances count: 3
2022-10-04 11:24:08.156  INFO LIM-FVJ98C3 --- [           main] o.s.c.n.e.s.EurekaServiceRegistry        : Registering application OPERATION-SERVICES with eureka with status UP
2022-10-04 11:24:08.157  INFO LIM-FVJ98C3 --- [           main] c.n.d.DiscoveryClient                    : Saw local status change event StatusChangeEvent [timestamp=1664900648157, current=UP, previous=STARTING]
2022-10-04 11:24:08.159  INFO LIM-FVJ98C3 --- [nfoReplicator-0] c.n.d.DiscoveryClient                    : DiscoveryClient_OPERATION-SERVICES/LIM-FVJ98C3.usersad.everis.int:operation-services:8010: registering service...
2022-10-04 11:24:08.183  INFO LIM-FVJ98C3 --- [           main] o.s.b.w.e.n.NettyWebServer               : Netty started on port 8010
2022-10-04 11:24:08.184  INFO LIM-FVJ98C3 --- [           main] .s.c.n.e.s.EurekaAutoServiceRegistration : Updating port to 8010
2022-10-04 11:24:08.200  INFO LIM-FVJ98C3 --- [nfoReplicator-0] c.n.d.DiscoveryClient                    : DiscoveryClient_OPERATION-SERVICES/LIM-FVJ98C3.usersad.everis.int:operation-services:8010 - registration status: 204
2022-10-04 11:24:08.769  INFO LIM-FVJ98C3 --- [           main] n.g.c.o.OperationsApplication            : Started OperationsApplication in 8.436 seconds (JVM running for 9.583)
2022-10-04 11:29:07.916  INFO LIM-FVJ98C3 --- [trap-executor-0] c.n.d.s.r.a.ConfigClusterResolver        : Resolving eureka endpoints via configuration
2022-10-04 11:34:07.926  INFO LIM-FVJ98C3 --- [trap-executor-0] c.n.d.s.r.a.ConfigClusterResolver        : Resolving eureka endpoints via configuration
2022-10-04 11:39:07.943  INFO LIM-FVJ98C3 --- [trap-executor-0] c.n.d.s.r.a.ConfigClusterResolver        : Resolving eureka endpoints via configuration
2022-10-04 11:44:07.946  INFO LIM-FVJ98C3 --- [trap-executor-0] c.n.d.s.r.a.ConfigClusterResolver        : Resolving eureka endpoints via configuration
2022-10-04 11:49:07.956  INFO LIM-FVJ98C3 --- [trap-executor-0] c.n.d.s.r.a.ConfigClusterResolver        : Resolving eureka endpoints via configuration
2022-10-04 11:49:16.157  INFO LIM-FVJ98C3 --- [ctor-http-nio-3] r.M.O.1                                  : onSubscribe(FluxOnErrorResume.ResumeSubscriber)
2022-10-04 11:49:16.158  INFO LIM-FVJ98C3 --- [ctor-http-nio-3] r.M.O.1                                  : request(unbounded)
2022-10-04 11:49:16.321  INFO LIM-FVJ98C3 --- [ntLoopGroup-3-3] o.m.d.connection                         : Opened connection [connectionId{localValue:3, serverValue:19}] to localhost:27017
2022-10-04 11:49:17.098  INFO LIM-FVJ98C3 --- [ctor-http-nio-5] r.M.O.1                                  : onNext(<400 BAD_REQUEST Bad Request,{typeAccount=TypeModel(code=AHO1, description=Ahorro: libre de comisión por mantenimiento y con un límite máximo de movimientos mensuales., status=A, countLimitOperation=10, amountCommission=0.0, countPerson=1, countBusiness=0, amountStart=0.0, codeRequired=null, maintenanceCommission=null, product=null)},[]>)
2022-10-04 11:49:17.134  INFO LIM-FVJ98C3 --- [ctor-http-nio-5] r.M.O.1                                  : onComplete()
